<?xml version="1.0" encoding="UTF-8"?>
<!-- Generated by org.testng.reporters.JUnitReportReporter -->
<testsuite hostname="PSNG1067" name="com.advantage.tests.OCAutomation.CreateNewSAR" tests="1" failures="0" timestamp="26 Jun 2015 05:49:18 GMT" time="313.922" errors="0">
  <testcase name="runCreateNewSAR" time="313.922" classname="com.advantage.tests.OCAutomation.CreateNewSAR"/>
</testsuite> <!-- com.advantage.tests.OCAutomation.CreateNewSAR -->
