<?xml version="1.0" encoding="UTF-8"?>
<!-- Generated by org.testng.reporters.JUnitReportReporter -->
<testsuite hostname="PSNG1067" name="com.advantage.tests.OptumOne.test3" tests="2" failures="0" timestamp="5 Oct 2015 10:32:53 GMT" time="92.274" errors="0">
  <testcase name="testVerifyPDFInURL" time="0.016" classname="com.advantage.tests.OptumOne.test3"/>
  <testcase name="testVerifyPDFTextInBrowser" time="92.258" classname="com.advantage.tests.OptumOne.test3"/>
</testsuite> <!-- com.advantage.tests.OptumOne.test3 -->
