<?xml version="1.0" encoding="UTF-8"?>
<!-- Generated by org.testng.reporters.JUnitReportReporter -->
<testsuite hostname="PSNG1067" name="com.advantage.tests.OptumOne.CP_AssingmentAndStatusChange" tests="1" failures="0" timestamp="1 Apr 2016 07:36:43 GMT" time="745.628" errors="0">
  <testcase name="runAssingmentAndStatusChange" time="745.628" classname="com.advantage.tests.OptumOne.CP_AssingmentAndStatusChange"/>
</testsuite> <!-- com.advantage.tests.OptumOne.CP_AssingmentAndStatusChange -->
