<?xml version="1.0" encoding="UTF-8"?>
<!-- Generated by org.testng.reporters.JUnitReportReporter -->
<testsuite hostname="PSNG1067" name="com.advantage.tests.JHMI.test" tests="1" failures="0" timestamp="21 May 2015 04:10:04 GMT" time="74.942" errors="0">
  <testcase name="runCreateNewLead" time="74.942" classname="com.advantage.tests.JHMI.test"/>
</testsuite> <!-- com.advantage.tests.JHMI.test -->
