<?xml version="1.0" encoding="UTF-8"?>
<!-- Generated by org.testng.reporters.JUnitReportReporter -->
<testsuite hostname="PSNG1067" name="com.advantage.tests.OCAutomation.VerifySARRejectTest" tests="1" failures="0" timestamp="30 Jun 2015 11:17:42 GMT" time="97.651" errors="0">
  <testcase name="runVerifySARReject" time="97.651" classname="com.advantage.tests.OCAutomation.VerifySARRejectTest"/>
</testsuite> <!-- com.advantage.tests.OCAutomation.VerifySARRejectTest -->
