<?xml version="1.0" encoding="UTF-8"?>
<!-- Generated by org.testng.reporters.JUnitReportReporter -->
<testsuite hostname="PSNG1067" name="com.advantage.tests.OptumOne.BiggieSample" tests="1" failures="0" timestamp="1 Oct 2015 11:26:17 GMT" time="104.898" errors="0">
  <testcase name="f" time="104.898" classname="com.advantage.tests.OptumOne.BiggieSample"/>
</testsuite> <!-- com.advantage.tests.OptumOne.BiggieSample -->
