<?xml version="1.0" encoding="UTF-8"?>
<!-- Generated by org.testng.reporters.JUnitReportReporter -->
<testsuite hostname="PSNG1067" name="com.advantage.tests.OptumOne.Notes_CreateNew" tests="1" failures="0" timestamp="1 Apr 2016 04:39:31 GMT" time="803.310" errors="0">
  <testcase name="runNotes_CreateNew" time="803.310" classname="com.advantage.tests.OptumOne.Notes_CreateNew"/>
</testsuite> <!-- com.advantage.tests.OptumOne.Notes_CreateNew -->
