<?xml version="1.0" encoding="UTF-8"?>
<!-- Generated by org.testng.reporters.JUnitReportReporter -->
<testsuite hostname="PSNG1067" name="com.advantage.tests.SelfServiceBMCRemedy.ServiceRequestCreation" tests="1" failures="0" timestamp="18 Jun 2015 09:11:21 GMT" time="163.974" errors="0">
  <testcase name="runServiceRequestCreation" time="163.974" classname="com.advantage.tests.SelfServiceBMCRemedy.ServiceRequestCreation"/>
</testsuite> <!-- com.advantage.tests.SelfServiceBMCRemedy.ServiceRequestCreation -->
