<?xml version="1.0" encoding="UTF-8"?>
<!-- Generated by org.testng.reporters.JUnitReportReporter -->
<testsuite hostname="PSNG1067" name="com.advantage.tests.OCAutomation.VerifySARApprovalTest" tests="1" failures="0" timestamp="2 Jul 2015 03:55:16 GMT" time="35.257" errors="0">
  <testcase name="runVerifySARApproval" time="35.257" classname="com.advantage.tests.OCAutomation.VerifySARApprovalTest"/>
</testsuite> <!-- com.advantage.tests.OCAutomation.VerifySARApprovalTest -->
