<?xml version="1.0" encoding="UTF-8"?>
<!-- Generated by org.testng.reporters.JUnitReportReporter -->
<testsuite hostname="PSNG1067" name="com.advantage.tests.OCAutomation.VerifySARCancelTest" tests="1" failures="0" timestamp="29 Jun 2015 12:28:48 GMT" time="419.952" errors="0">
  <testcase name="runVerifySARReject" time="419.952" classname="com.advantage.tests.OCAutomation.VerifySARCancelTest"/>
</testsuite> <!-- com.advantage.tests.OCAutomation.VerifySARCancelTest -->
