<?xml version="1.0" encoding="UTF-8"?>
<!-- Generated by org.testng.reporters.JUnitReportReporter -->
<testsuite hostname="PSNG1067" name="com.advantage.tests.Optum.ValidateErrorMsgCreateIssue" tests="1" failures="0" timestamp="18 Feb 2015 10:13:09 GMT" time="111.242" errors="0">
  <testcase name="runValidateErrorMsgCreateIssue" time="111.242" classname="com.advantage.tests.Optum.ValidateErrorMsgCreateIssue"/>
</testsuite> <!-- com.advantage.tests.Optum.ValidateErrorMsgCreateIssue -->
