<?xml version="1.0" encoding="UTF-8"?>
<!-- Generated by org.testng.reporters.JUnitReportReporter -->
<testsuite hostname="PSNG1067" name="com.advantage.tests.BMCRemedy.IncidentCreation" tests="1" failures="0" timestamp="11 Jun 2015 08:57:18 GMT" time="267.924" errors="0">
  <testcase name="runIncidentCreation" time="267.924" classname="com.advantage.tests.BMCRemedy.IncidentCreation"/>
</testsuite> <!-- com.advantage.tests.BMCRemedy.IncidentCreation -->
