<?xml version="1.0" encoding="UTF-8"?>
<!-- Generated by org.testng.reporters.JUnitReportReporter -->
<testsuite hostname="PSNG1067" name="com.advantage.tests.BMCRemedy.TaskCreation" tests="2" failures="0" timestamp="12 Jun 2015 04:33:20 GMT" time="271.365" errors="0">
  <testcase name="runIncidentCreation" time="136.936" classname="com.advantage.tests.BMCRemedy.TaskCreation"/>
  <testcase name="runIncidentCreation" time="134.429" classname="com.advantage.tests.BMCRemedy.TaskCreation"/>
</testsuite> <!-- com.advantage.tests.BMCRemedy.TaskCreation -->
