<?xml version="1.0" encoding="UTF-8"?>
<!-- Generated by org.testng.reporters.JUnitReportReporter -->
<testsuite hostname="PSNG1067" name="com.advantage.tests.YahooService.VerifyEscalateRule" tests="1" failures="0" timestamp="13 Nov 2014 09:52:56 GMT" time="218.390" errors="0">
  <testcase name="runEscalateRule" time="218.390" classname="com.advantage.tests.YahooService.VerifyEscalateRule"/>
</testsuite> <!-- com.advantage.tests.YahooService.VerifyEscalateRule -->
